[debug] [2023-07-10T18:56:15.002Z] ----------------------------------------------------------------------
[debug] [2023-07-10T18:56:15.003Z] Command:       /Users/Dan/.nvm/versions/node/v17.9.0/bin/node /Users/Dan/.nvm/versions/node/v17.9.0/bin/firebase emulators:start
[debug] [2023-07-10T18:56:15.003Z] CLI Version:   12.4.3
[debug] [2023-07-10T18:56:15.003Z] Platform:      darwin
[debug] [2023-07-10T18:56:15.003Z] Node Version:  v17.9.0
[debug] [2023-07-10T18:56:15.004Z] Time:          Mon Jul 10 2023 20:56:15 GMT+0200 (Central European Summer Time)
[debug] [2023-07-10T18:56:15.004Z] ----------------------------------------------------------------------
[debug] 
[debug] [2023-07-10T18:56:15.036Z] > command requires scopes: ["email","openid","https://www.googleapis.com/auth/cloudplatformprojects.readonly","https://www.googleapis.com/auth/firebase","https://www.googleapis.com/auth/cloud-platform"]
[debug] [2023-07-10T18:56:15.036Z] > authorizing via signed-in user (diydan82@gmail.com)
[info] i  emulators: Starting emulators: functions, hosting {"metadata":{"emulator":{"name":"hub"},"message":"Starting emulators: functions, hosting"}}
[debug] [2023-07-10T18:56:15.349Z] [logging] Logging Emulator only supports listening on one address (127.0.0.1). Not listening on ::1
[debug] [2023-07-10T18:56:15.349Z] [hosting] Hosting Emulator only supports listening on one address (127.0.0.1). Not listening on ::1
[debug] [2023-07-10T18:56:15.350Z] assigned listening specs for emulators {"user":{"hub":[{"address":"127.0.0.1","family":"IPv4","port":4400},{"address":"::1","family":"IPv6","port":4400}],"ui":[{"address":"127.0.0.1","family":"IPv4","port":4000},{"address":"::1","family":"IPv6","port":4000}],"logging":[{"address":"127.0.0.1","family":"IPv4","port":4500}],"hosting":[{"address":"127.0.0.1","family":"IPv4","port":5000}]},"metadata":{"message":"assigned listening specs for emulators"}}
[debug] [2023-07-10T18:56:15.354Z] [hub] writing locator at /var/folders/9p/bt4ympgx7jq7kvcwp1tz8nbm0000gn/T/hub-pvplegends.json
[debug] [2023-07-10T18:56:15.514Z] [functions] Functions Emulator only supports listening on one address (127.0.0.1). Not listening on ::1
[debug] [2023-07-10T18:56:15.514Z] [eventarc] Eventarc Emulator only supports listening on one address (127.0.0.1). Not listening on ::1
[debug] [2023-07-10T18:56:15.514Z] late-assigned ports for functions and eventarc emulators {"user":{"hub":[{"address":"127.0.0.1","family":"IPv4","port":4400},{"address":"::1","family":"IPv6","port":4400}],"ui":[{"address":"127.0.0.1","family":"IPv4","port":4000},{"address":"::1","family":"IPv6","port":4000}],"logging":[{"address":"127.0.0.1","family":"IPv4","port":4500}],"hosting":[{"address":"127.0.0.1","family":"IPv4","port":5000}],"functions":[{"address":"127.0.0.1","family":"IPv4","port":5001}],"eventarc":[{"address":"127.0.0.1","family":"IPv4","port":9299}]},"metadata":{"message":"late-assigned ports for functions and eventarc emulators"}}
[warn] ⚠  functions: The following emulators are not running, calls to these services from the Functions emulator will affect production: auth, firestore, database, pubsub, storage {"metadata":{"emulator":{"name":"functions"},"message":"The following emulators are not running, calls to these services from the Functions emulator will affect production: \u001b[1mauth, firestore, database, pubsub, storage\u001b[22m"}}
[debug] [2023-07-10T18:56:15.515Z] defaultcredentials: writing to file /Users/Dan/.config/firebase/diydan82_gmail_com_application_default_credentials.json
[debug] [2023-07-10T18:56:15.516Z] Setting GAC to /Users/Dan/.config/firebase/diydan82_gmail_com_application_default_credentials.json {"metadata":{"emulator":{"name":"functions"},"message":"Setting GAC to /Users/Dan/.config/firebase/diydan82_gmail_com_application_default_credentials.json"}}
[debug] [2023-07-10T18:56:15.517Z] >>> [apiv2][query] GET https://firebase.googleapis.com/v1beta1/projects/pvplegends/adminSdkConfig [none]
[debug] [2023-07-10T18:56:15.863Z] <<< [apiv2][status] GET https://firebase.googleapis.com/v1beta1/projects/pvplegends/adminSdkConfig 200
[debug] [2023-07-10T18:56:15.863Z] <<< [apiv2][body] GET https://firebase.googleapis.com/v1beta1/projects/pvplegends/adminSdkConfig {"projectId":"pvplegends","databaseURL":"https://pvplegends-default-rtdb.firebaseio.com","storageBucket":"pvplegends.appspot.com"}
[debug] [2023-07-10T18:56:15.894Z] >>> [apiv2][query] GET https://firebasehosting.googleapis.com/v1beta1/projects/pvplegends/sites 
[debug] [2023-07-10T18:56:16.791Z] <<< [apiv2][status] GET https://firebasehosting.googleapis.com/v1beta1/projects/pvplegends/sites 200
[debug] [2023-07-10T18:56:16.791Z] <<< [apiv2][body] GET https://firebasehosting.googleapis.com/v1beta1/projects/pvplegends/sites {"sites":[{"name":"projects/pvplegends/sites/pvplegends","defaultUrl":"https://pvplegends.web.app","appId":"1:31740588377:web:be8460734a1e48727fdc48","type":"DEFAULT_SITE"}]}
[debug] [2023-07-10T18:56:16.792Z] >>> [apiv2][query] GET https://firebase.googleapis.com/v1beta1/projects/pvplegends/webApps/1:31740588377:web:be8460734a1e48727fdc48/config [none]
[debug] [2023-07-10T18:56:17.722Z] <<< [apiv2][status] GET https://firebase.googleapis.com/v1beta1/projects/pvplegends/webApps/1:31740588377:web:be8460734a1e48727fdc48/config 200
[debug] [2023-07-10T18:56:17.722Z] <<< [apiv2][body] GET https://firebase.googleapis.com/v1beta1/projects/pvplegends/webApps/1:31740588377:web:be8460734a1e48727fdc48/config {"projectId":"pvplegends","appId":"1:31740588377:web:be8460734a1e48727fdc48","databaseURL":"https://pvplegends-default-rtdb.firebaseio.com","storageBucket":"pvplegends.appspot.com","apiKey":"AIzaSyCHp1S0_sWdsO0Z9OZ9gfneWhWI723Gdzc","authDomain":"pvplegends.firebaseapp.com","messagingSenderId":"31740588377","measurementId":"G-QQH71JJTXV"}
[debug] [2023-07-10T18:56:17.745Z] >>> [apiv2][query] GET https://firebase.googleapis.com/v1beta1/projects/pvplegends [none]
[debug] [2023-07-10T18:56:18.027Z] <<< [apiv2][status] GET https://firebase.googleapis.com/v1beta1/projects/pvplegends 200
[debug] [2023-07-10T18:56:18.028Z] <<< [apiv2][body] GET https://firebase.googleapis.com/v1beta1/projects/pvplegends {"projectId":"pvplegends","projectNumber":"31740588377","displayName":"PVP Legends","name":"projects/pvplegends","resources":{"hostingSite":"pvplegends","realtimeDatabaseInstance":"pvplegends-default-rtdb"},"state":"ACTIVE","etag":"1_9ed20383-c40a-483f-87b8-3cfdd479dc52"}
[info] i  hosting[pvplegends]: Serving hosting files from: dist {"metadata":{"emulator":{"name":"hosting"},"message":"Serving hosting files from: \u001b[1mdist\u001b[22m"}}
[info] ✔  hosting[pvplegends]: Local server: http://127.0.0.1:5000 {"metadata":{"emulator":{"name":"hosting"},"message":"Local server: \u001b[4m\u001b[1mhttp://127.0.0.1:5000\u001b[22m\u001b[24m"}}
[debug] [2023-07-10T18:56:18.082Z] Ignoring unsupported arg: auto_download {"metadata":{"emulator":{"name":"ui"},"message":"Ignoring unsupported arg: auto_download"}}
[debug] [2023-07-10T18:56:18.082Z] Ignoring unsupported arg: port {"metadata":{"emulator":{"name":"ui"},"message":"Ignoring unsupported arg: port"}}
[debug] [2023-07-10T18:56:18.082Z] Starting Emulator UI with command {"binary":"node","args":["/Users/Dan/.cache/firebase/emulators/ui-v1.11.7/server/server.js"],"optionalArgs":[],"joinArgs":false} {"metadata":{"emulator":{"name":"ui"},"message":"Starting Emulator UI with command {\"binary\":\"node\",\"args\":[\"/Users/Dan/.cache/firebase/emulators/ui-v1.11.7/server/server.js\"],\"optionalArgs\":[],\"joinArgs\":false}"}}
[info] i  ui: Emulator UI logging to ui-debug.log {"metadata":{"emulator":{"name":"ui"},"message":"Emulator UI logging to \u001b[1mui-debug.log\u001b[22m"}}
[debug] [2023-07-10T18:56:18.148Z] Web / API server started at 127.0.0.1:4000
 {"metadata":{"emulator":{"name":"ui"},"message":"Web / API server started at 127.0.0.1:4000\n"}}
[debug] [2023-07-10T18:56:18.149Z] Web / API server started at ::1:4000
 {"metadata":{"emulator":{"name":"ui"},"message":"Web / API server started at ::1:4000\n"}}
[info] i  functions: Watching "/Users/Dan/Code/flowhackathons2/FlowHackathonS2/functions" for Cloud Functions... {"metadata":{"emulator":{"name":"functions"},"message":"Watching \"/Users/Dan/Code/flowhackathons2/FlowHackathonS2/functions\" for Cloud Functions..."}}
[debug] [2023-07-10T18:56:18.363Z] Validating nodejs source
[debug] [2023-07-10T18:56:18.833Z] > [functions] package.json contents: {
  "name": "functions",
  "description": "Cloud Functions for Firebase",
  "scripts": {
    "lint": "eslint .",
    "serve": "firebase emulators:start --only functions",
    "shell": "firebase functions:shell",
    "start": "npm run shell",
    "deploy": "firebase deploy --only functions",
    "logs": "firebase functions:log"
  },
  "engines": {
    "node": "18"
  },
  "main": "index.js",
  "dependencies": {
    "axios": "^1.4.0",
    "cors": "^2.8.5",
    "firebase-admin": "^11.8.0",
    "firebase-functions": "^4.3.1",
    "request": "^2.88.2"
  },
  "devDependencies": {
    "eslint": "^8.15.0",
    "eslint-config-google": "^0.14.0",
    "firebase-functions-test": "^3.1.0"
  },
  "private": true
}
[debug] [2023-07-10T18:56:18.834Z] Building nodejs source
[debug] [2023-07-10T18:56:18.834Z] Failed to find version of module node: reached end of search path /Users/Dan/Code/flowhackathons2/FlowHackathonS2/functions/node_modules
[warn] ⚠  functions: Your requested "node" version "18" doesn't match your global version "17". Using node@17 from host. 
[debug] [2023-07-10T18:56:18.837Z] Could not find functions.yaml. Must use http discovery
[debug] [2023-07-10T18:56:18.843Z] Found firebase-functions binary at '/Users/Dan/Code/flowhackathons2/FlowHackathonS2/functions/node_modules/.bin/firebase-functions'
[info] Serving at port 8659

[debug] [2023-07-10T18:56:19.067Z] Got response from /__/functions.yaml {"endpoints":{"getLaLigaFixtures":{"availableMemoryMb":null,"timeoutSeconds":null,"minInstances":null,"maxInstances":null,"ingressSettings":null,"concurrency":null,"serviceAccountEmail":null,"vpc":null,"platform":"gcfv2","labels":{},"httpsTrigger":{},"entryPoint":"getLaLigaFixtures"},"getJWTToken":{"availableMemoryMb":null,"timeoutSeconds":null,"minInstances":null,"maxInstances":null,"ingressSettings":null,"concurrency":null,"serviceAccountEmail":null,"vpc":null,"platform":"gcfv2","labels":{},"httpsTrigger":{},"entryPoint":"getJWTToken"}},"specVersion":"v1alpha1","requiredAPIs":[]}
[info] shutdown requested via /__/quitquitquit

[info] ✔  functions: Loaded functions definitions from source: getLaLigaFixtures, getJWTToken. {"metadata":{"emulator":{"name":"functions"},"message":"Loaded functions definitions from source: getLaLigaFixtures, getJWTToken."}}
[info] ✔  functions[us-central1-getLaLigaFixtures]: http function initialized (http://127.0.0.1:5001/pvplegends/us-central1/getLaLigaFixtures). {"metadata":{"emulator":{"name":"functions"},"message":"\u001b[1mhttp\u001b[22m function initialized (http://127.0.0.1:5001/pvplegends/us-central1/getLaLigaFixtures)."}}
[info] ✔  functions[us-central1-getJWTToken]: http function initialized (http://127.0.0.1:5001/pvplegends/us-central1/getJWTToken). {"metadata":{"emulator":{"name":"functions"},"message":"\u001b[1mhttp\u001b[22m function initialized (http://127.0.0.1:5001/pvplegends/us-central1/getJWTToken)."}}
[info] 
┌─────────────────────────────────────────────────────────────┐
│ ✔  All emulators ready! It is now safe to connect your app. │
│ i  View Emulator UI at http://127.0.0.1:4000/               │
└─────────────────────────────────────────────────────────────┘

┌───────────┬────────────────┬─────────────────────────────────┐
│ Emulator  │ Host:Port      │ View in Emulator UI             │
├───────────┼────────────────┼─────────────────────────────────┤
│ Functions │ 127.0.0.1:5001 │ http://127.0.0.1:4000/functions │
├───────────┼────────────────┼─────────────────────────────────┤
│ Hosting   │ 127.0.0.1:5000 │ n/a                             │
└───────────┴────────────────┴─────────────────────────────────┘
  Emulator Hub running at 127.0.0.1:4400
  Other reserved ports: 4500

Issues? Report them at https://github.com/firebase/firebase-tools/issues and attach the *-debug.log files.
 
[debug] [2023-07-10T18:56:21.728Z] [work-queue] {"queuedWork":["/pvplegends/us-central1/getJWTToken-2023-07-10T18:56:21.728Z"],"queueLength":1,"runningWork":[],"workRunningCount":0}
[debug] [2023-07-10T18:56:21.733Z] [work-queue] {"queuedWork":[],"queueLength":0,"runningWork":["/pvplegends/us-central1/getJWTToken-2023-07-10T18:56:21.728Z"],"workRunningCount":1}
[debug] [2023-07-10T18:56:21.735Z] Accepted request OPTIONS /pvplegends/us-central1/getJWTToken --> us-central1-getJWTToken
[debug] [2023-07-10T18:56:21.749Z] [functions] Runtime ready! Sending request! {"metadata":{"emulator":{"name":"functions"},"message":"[functions] Runtime ready! Sending request!"}}
[debug] [2023-07-10T18:56:21.749Z] [functions] Got req.url=/pvplegends/us-central1/getJWTToken, mapping to path=/ {"metadata":{"emulator":{"name":"functions"},"message":"[functions] Got req.url=/pvplegends/us-central1/getJWTToken, mapping to path=/"}}
[debug] [2023-07-10T18:56:21.756Z] [worker-pool] addWorker(us-central1-getJWTToken) {"metadata":{"emulator":{"name":"functions"},"message":"[worker-pool] addWorker(us-central1-getJWTToken)"}}
[debug] [2023-07-10T18:56:21.756Z] [worker-pool] Adding worker with key us-central1-getJWTToken, total=1 {"metadata":{"emulator":{"name":"functions"},"message":"[worker-pool] Adding worker with key us-central1-getJWTToken, total=1"}}
[debug] [2023-07-10T18:56:22.280Z] [runtime-status] [42401] Resolved module firebase-admin {"declared":true,"installed":true,"version":"11.9.0","resolution":"/Users/Dan/Code/flowhackathons2/FlowHackathonS2/functions/node_modules/firebase-admin/lib/index.js"} {"metadata":{"emulator":{"name":"functions"},"function":{"name":"us-central1-getJWTToken"},"extension":{},"message":"[runtime-status] [42401] Resolved module firebase-admin {\"declared\":true,\"installed\":true,\"version\":\"11.9.0\",\"resolution\":\"/Users/Dan/Code/flowhackathons2/FlowHackathonS2/functions/node_modules/firebase-admin/lib/index.js\"}"}}
[debug] [2023-07-10T18:56:22.280Z] [runtime-status] [42401] Resolved module firebase-functions {"declared":true,"installed":true,"version":"4.4.1","resolution":"/Users/Dan/Code/flowhackathons2/FlowHackathonS2/functions/node_modules/firebase-functions/lib/v1/index.js"} {"metadata":{"emulator":{"name":"functions"},"function":{"name":"us-central1-getJWTToken"},"extension":{},"message":"[runtime-status] [42401] Resolved module firebase-functions {\"declared\":true,\"installed\":true,\"version\":\"4.4.1\",\"resolution\":\"/Users/Dan/Code/flowhackathons2/FlowHackathonS2/functions/node_modules/firebase-functions/lib/v1/index.js\"}"}}
[debug] [2023-07-10T18:56:22.280Z] [runtime-status] [42401] Outgoing network have been stubbed. [{"name":"http","status":"mocked"},{"name":"http","status":"mocked"},{"name":"https","status":"mocked"},{"name":"https","status":"mocked"},{"name":"net","status":"mocked"}] {"metadata":{"emulator":{"name":"functions"},"function":{"name":"us-central1-getJWTToken"},"extension":{},"message":"[runtime-status] [42401] Outgoing network have been stubbed. [{\"name\":\"http\",\"status\":\"mocked\"},{\"name\":\"http\",\"status\":\"mocked\"},{\"name\":\"https\",\"status\":\"mocked\"},{\"name\":\"https\",\"status\":\"mocked\"},{\"name\":\"net\",\"status\":\"mocked\"}]"}}
[debug] [2023-07-10T18:56:22.281Z] [runtime-status] [42401] Resolved module firebase-functions {"declared":true,"installed":true,"version":"4.4.1","resolution":"/Users/Dan/Code/flowhackathons2/FlowHackathonS2/functions/node_modules/firebase-functions/lib/v1/index.js"} {"metadata":{"emulator":{"name":"functions"},"function":{"name":"us-central1-getJWTToken"},"extension":{},"message":"[runtime-status] [42401] Resolved module firebase-functions {\"declared\":true,\"installed\":true,\"version\":\"4.4.1\",\"resolution\":\"/Users/Dan/Code/flowhackathons2/FlowHackathonS2/functions/node_modules/firebase-functions/lib/v1/index.js\"}"}}
[debug] [2023-07-10T18:56:22.367Z] [runtime-status] [42401] Checked functions.config() {"config":{}} {"metadata":{"emulator":{"name":"functions"},"function":{"name":"us-central1-getJWTToken"},"extension":{},"message":"[runtime-status] [42401] Checked functions.config() {\"config\":{}}"}}
[debug] [2023-07-10T18:56:22.367Z] [runtime-status] [42401] firebase-functions has been stubbed. {"functionsResolution":{"declared":true,"installed":true,"version":"4.4.1","resolution":"/Users/Dan/Code/flowhackathons2/FlowHackathonS2/functions/node_modules/firebase-functions/lib/v1/index.js"}} {"metadata":{"emulator":{"name":"functions"},"function":{"name":"us-central1-getJWTToken"},"extension":{},"message":"[runtime-status] [42401] firebase-functions has been stubbed. {\"functionsResolution\":{\"declared\":true,\"installed\":true,\"version\":\"4.4.1\",\"resolution\":\"/Users/Dan/Code/flowhackathons2/FlowHackathonS2/functions/node_modules/firebase-functions/lib/v1/index.js\"}}"}}
[debug] [2023-07-10T18:56:22.367Z] [runtime-status] [42401] Resolved module firebase-functions {"declared":true,"installed":true,"version":"4.4.1","resolution":"/Users/Dan/Code/flowhackathons2/FlowHackathonS2/functions/node_modules/firebase-functions/lib/v1/index.js"} {"metadata":{"emulator":{"name":"functions"},"function":{"name":"us-central1-getJWTToken"},"extension":{},"message":"[runtime-status] [42401] Resolved module firebase-functions {\"declared\":true,\"installed\":true,\"version\":\"4.4.1\",\"resolution\":\"/Users/Dan/Code/flowhackathons2/FlowHackathonS2/functions/node_modules/firebase-functions/lib/v1/index.js\"}"}}
[debug] [2023-07-10T18:56:22.368Z] [runtime-status] [42401] Resolved module firebase-admin {"declared":true,"installed":true,"version":"11.9.0","resolution":"/Users/Dan/Code/flowhackathons2/FlowHackathonS2/functions/node_modules/firebase-admin/lib/index.js"} {"metadata":{"emulator":{"name":"functions"},"function":{"name":"us-central1-getJWTToken"},"extension":{},"message":"[runtime-status] [42401] Resolved module firebase-admin {\"declared\":true,\"installed\":true,\"version\":\"11.9.0\",\"resolution\":\"/Users/Dan/Code/flowhackathons2/FlowHackathonS2/functions/node_modules/firebase-admin/lib/index.js\"}"}}
[debug] [2023-07-10T18:56:22.368Z] [runtime-status] [42401] Resolved module firebase-functions {"declared":true,"installed":true,"version":"4.4.1","resolution":"/Users/Dan/Code/flowhackathons2/FlowHackathonS2/functions/node_modules/firebase-functions/lib/v1/index.js"} {"metadata":{"emulator":{"name":"functions"},"function":{"name":"us-central1-getJWTToken"},"extension":{},"message":"[runtime-status] [42401] Resolved module firebase-functions {\"declared\":true,\"installed\":true,\"version\":\"4.4.1\",\"resolution\":\"/Users/Dan/Code/flowhackathons2/FlowHackathonS2/functions/node_modules/firebase-functions/lib/v1/index.js\"}"}}
[debug] [2023-07-10T18:56:22.368Z] [runtime-status] [42401] firebase-admin has been stubbed. {"adminResolution":{"declared":true,"installed":true,"version":"11.9.0","resolution":"/Users/Dan/Code/flowhackathons2/FlowHackathonS2/functions/node_modules/firebase-admin/lib/index.js"}} {"metadata":{"emulator":{"name":"functions"},"function":{"name":"us-central1-getJWTToken"},"extension":{},"message":"[runtime-status] [42401] firebase-admin has been stubbed. {\"adminResolution\":{\"declared\":true,\"installed\":true,\"version\":\"11.9.0\",\"resolution\":\"/Users/Dan/Code/flowhackathons2/FlowHackathonS2/functions/node_modules/firebase-admin/lib/index.js\"}}"}}
[debug] [2023-07-10T18:56:22.376Z] [runtime-status] [42401] initializeApp(DEFAULT) {"credential":{"implicit":true,"refreshToken":{"clientId":"563584335869-fgrhgmd47bqnekij5i8b5pr03ho849e6.apps.googleusercontent.com","clientSecret":"j9iVZfS8kkCEFUPaAeJV0sAi","refreshToken":"1//03Uzvt86x3dtsCgYIARAAGAMSNwF-L9IreIGHAJCzkGDIewvZ2T7bV6-nBdPiJrTjp2Ev4cINWH2pqpl7wD7oyRbYf02fGOXZsVA","type":"authorized_user"},"httpClient":{"retry":{"maxRetries":4,"statusCodes":[503],"ioErrorCodes":["ECONNRESET","ETIMEDOUT"],"backOffFactor":0.5,"maxDelayInMillis":60000}}},"projectId":"pvplegends"} {"metadata":{"emulator":{"name":"functions"},"function":{"name":"us-central1-getJWTToken"},"extension":{},"message":"[runtime-status] [42401] initializeApp(DEFAULT) {\"credential\":{\"implicit\":true,\"refreshToken\":{\"clientId\":\"563584335869-fgrhgmd47bqnekij5i8b5pr03ho849e6.apps.googleusercontent.com\",\"clientSecret\":\"j9iVZfS8kkCEFUPaAeJV0sAi\",\"refreshToken\":\"1//03Uzvt86x3dtsCgYIARAAGAMSNwF-L9IreIGHAJCzkGDIewvZ2T7bV6-nBdPiJrTjp2Ev4cINWH2pqpl7wD7oyRbYf02fGOXZsVA\",\"type\":\"authorized_user\"},\"httpClient\":{\"retry\":{\"maxRetries\":4,\"statusCodes\":[503],\"ioErrorCodes\":[\"ECONNRESET\",\"ETIMEDOUT\"],\"backOffFactor\":0.5,\"maxDelayInMillis\":60000}}},\"projectId\":\"pvplegends\"}"}}
[debug] [2023-07-10T18:56:22.383Z] [runtime-status] [42401] Functions runtime initialized. {"cwd":"/Users/Dan/Code/flowhackathons2/FlowHackathonS2/functions","node_version":"17.9.0"} {"metadata":{"emulator":{"name":"functions"},"function":{"name":"us-central1-getJWTToken"},"extension":{},"message":"[runtime-status] [42401] Functions runtime initialized. {\"cwd\":\"/Users/Dan/Code/flowhackathons2/FlowHackathonS2/functions\",\"node_version\":\"17.9.0\"}"}}
[debug] [2023-07-10T18:56:22.383Z] [runtime-status] [42401] Listening to port: /var/folders/9p/bt4ympgx7jq7kvcwp1tz8nbm0000gn/T/fire_emu_355ee9778ee89b83.sock {"metadata":{"emulator":{"name":"functions"},"function":{"name":"us-central1-getJWTToken"},"extension":{},"message":"[runtime-status] [42401] Listening to port: /var/folders/9p/bt4ympgx7jq7kvcwp1tz8nbm0000gn/T/fire_emu_355ee9778ee89b83.sock"}}
[debug] [2023-07-10T18:56:22.472Z] [worker-us-central1-getJWTToken-b4028991-4d56-4440-84c0-d36f596b04b9]: IDLE {"metadata":{"emulator":{"name":"functions"},"function":{"name":"us-central1-getJWTToken"},"extension":{},"message":"[worker-us-central1-getJWTToken-b4028991-4d56-4440-84c0-d36f596b04b9]: IDLE"}}
[debug] [2023-07-10T18:56:22.472Z] [worker-pool] submitRequest(triggerId=us-central1-getJWTToken) {"metadata":{"emulator":{"name":"functions"},"message":"[worker-pool] submitRequest(triggerId=us-central1-getJWTToken)"}}
[info] i  functions: Beginning execution of "us-central1-getJWTToken" {"metadata":{"emulator":{"name":"functions"},"function":{"name":"us-central1-getJWTToken"},"extension":{},"message":"Beginning execution of \"us-central1-getJWTToken\""}}
[debug] [2023-07-10T18:56:22.473Z] [worker-us-central1-getJWTToken-b4028991-4d56-4440-84c0-d36f596b04b9]: BUSY {"metadata":{"emulator":{"name":"functions"},"function":{"name":"us-central1-getJWTToken"},"extension":{},"message":"[worker-us-central1-getJWTToken-b4028991-4d56-4440-84c0-d36f596b04b9]: BUSY"}}
[debug] [2023-07-10T18:56:22.476Z] Finishing up request with event=pause {"metadata":{"emulator":{"name":"functions"},"function":{"name":"us-central1-getJWTToken"},"extension":{},"message":"Finishing up request with event=pause"}}
[info] i  functions: Finished "us-central1-getJWTToken" in 2.802917ms {"metadata":{"emulator":{"name":"functions"},"function":{"name":"us-central1-getJWTToken"},"extension":{},"message":"Finished \"us-central1-getJWTToken\" in 2.802917ms"}}
[debug] [2023-07-10T18:56:22.476Z] [worker-us-central1-getJWTToken-b4028991-4d56-4440-84c0-d36f596b04b9]: IDLE {"metadata":{"emulator":{"name":"functions"},"function":{"name":"us-central1-getJWTToken"},"extension":{},"message":"[worker-us-central1-getJWTToken-b4028991-4d56-4440-84c0-d36f596b04b9]: IDLE"}}
[debug] [2023-07-10T18:56:22.476Z] Finishing up request with event=finish {"metadata":{"emulator":{"name":"functions"},"function":{"name":"us-central1-getJWTToken"},"extension":{},"message":"Finishing up request with event=finish"}}
[debug] [2023-07-10T18:56:22.476Z] Finishing up request with event=close {"metadata":{"emulator":{"name":"functions"},"function":{"name":"us-central1-getJWTToken"},"extension":{},"message":"Finishing up request with event=close"}}
[debug] [2023-07-10T18:56:22.476Z] [work-queue] {"queuedWork":[],"queueLength":0,"runningWork":[],"workRunningCount":0}
[debug] [2023-07-10T18:56:22.479Z] [work-queue] {"queuedWork":["/pvplegends/us-central1/getJWTToken-2023-07-10T18:56:22.479Z"],"queueLength":1,"runningWork":[],"workRunningCount":0}
[debug] [2023-07-10T18:56:22.479Z] [work-queue] {"queuedWork":[],"queueLength":0,"runningWork":["/pvplegends/us-central1/getJWTToken-2023-07-10T18:56:22.479Z"],"workRunningCount":1}
[debug] [2023-07-10T18:56:22.479Z] Accepted request POST /pvplegends/us-central1/getJWTToken --> us-central1-getJWTToken
[debug] [2023-07-10T18:56:22.479Z] [functions] Runtime ready! Sending request! {"metadata":{"emulator":{"name":"functions"},"message":"[functions] Runtime ready! Sending request!"}}
[debug] [2023-07-10T18:56:22.479Z] [functions] Got req.url=/pvplegends/us-central1/getJWTToken, mapping to path=/ {"metadata":{"emulator":{"name":"functions"},"message":"[functions] Got req.url=/pvplegends/us-central1/getJWTToken, mapping to path=/"}}
[debug] [2023-07-10T18:56:22.479Z] [worker-pool] submitRequest(triggerId=us-central1-getJWTToken) {"metadata":{"emulator":{"name":"functions"},"message":"[worker-pool] submitRequest(triggerId=us-central1-getJWTToken)"}}
[info] i  functions: Beginning execution of "us-central1-getJWTToken" {"metadata":{"emulator":{"name":"functions"},"function":{"name":"us-central1-getJWTToken"},"extension":{},"message":"Beginning execution of \"us-central1-getJWTToken\""}}
[debug] [2023-07-10T18:56:22.480Z] [worker-us-central1-getJWTToken-b4028991-4d56-4440-84c0-d36f596b04b9]: BUSY {"metadata":{"emulator":{"name":"functions"},"function":{"name":"us-central1-getJWTToken"},"extension":{},"message":"[worker-us-central1-getJWTToken-b4028991-4d56-4440-84c0-d36f596b04b9]: BUSY"}}
[info] >  {"severity":"INFO","message":"get uid! 0x3cbb4897e52fcc31"} {"user":{"severity":"INFO","message":"get uid! 0x3cbb4897e52fcc31"},"metadata":{"emulator":{"name":"functions"},"function":{"name":"us-central1-getJWTToken"},"extension":{},"message":"\u001b[90m> \u001b[39m {\"severity\":\"INFO\",\"message\":\"get uid! 0x3cbb4897e52fcc31\"}"}}
[info] >  {"severity":"INFO","message":"get cid! ed8818eb4ee6b3c026d2a3676f6f676c652d6f61757468327c313133303739353433363938383139303539363435"} {"user":{"severity":"INFO","message":"get cid! ed8818eb4ee6b3c026d2a3676f6f676c652d6f61757468327c313133303739353433363938383139303539363435"},"metadata":{"emulator":{"name":"functions"},"function":{"name":"us-central1-getJWTToken"},"extension":{},"message":"\u001b[90m> \u001b[39m {\"severity\":\"INFO\",\"message\":\"get cid! ed8818eb4ee6b3c026d2a3676f6f676c652d6f61757468327c313133303739353433363938383139303539363435\"}"}}
[info] >  {"severity":"INFO","message":"get ts! 1689015381714"} {"user":{"severity":"INFO","message":"get ts! 1689015381714"},"metadata":{"emulator":{"name":"functions"},"function":{"name":"us-central1-getJWTToken"},"extension":{},"message":"\u001b[90m> \u001b[39m {\"severity\":\"INFO\",\"message\":\"get ts! 1689015381714\"}"}}
[info] >  1689015501714 {"user":1689015501714,"metadata":{"emulator":{"name":"functions"},"function":{"name":"us-central1-getJWTToken"},"extension":{},"message":"\u001b[90m> \u001b[39m 1689015501714"}}
[info] >  1689015382488 {"user":1689015382488,"metadata":{"emulator":{"name":"functions"},"function":{"name":"us-central1-getJWTToken"},"extension":{},"message":"\u001b[90m> \u001b[39m 1689015382488"}}
[info] >  good 0x3cbb4897e52fcc31 {"user":"good 0x3cbb4897e52fcc31","metadata":{"emulator":{"name":"functions"},"function":{"name":"us-central1-getJWTToken"},"extension":{},"message":"\u001b[90m> \u001b[39m good 0x3cbb4897e52fcc31"}}
[warn] ⚠  functions: The Firebase Authentication emulator is not running, so calls to Firebase Authentication will affect production. {"metadata":{"emulator":{"name":"functions"},"function":{"name":"us-central1-getJWTToken"},"extension":{},"message":"The Firebase Authentication emulator is not running, so calls to Firebase Authentication will affect production."}}
[info] >  Error creating custom token: FirebaseAuthError: Failed to determine service account. Make sure to initialize the SDK with a service account credential. Alternatively specify a service account with iam.serviceAccounts.signBlob permission. Original error: Error: Error while making request: getaddrinfo ENOTFOUND metadata. Error code: ENOTFOUND {"user":"Error creating custom token: FirebaseAuthError: Failed to determine service account. Make sure to initialize the SDK with a service account credential. Alternatively specify a service account with iam.serviceAccounts.signBlob permission. Original error: Error: Error while making request: getaddrinfo ENOTFOUND metadata. Error code: ENOTFOUND","metadata":{"emulator":{"name":"functions"},"function":{"name":"us-central1-getJWTToken"},"extension":{},"message":"\u001b[90m> \u001b[39m Error creating custom token: FirebaseAuthError: Failed to determine service account. Make sure to initialize the SDK with a service account credential. Alternatively specify a service account with iam.serviceAccounts.signBlob permission. Original error: Error: Error while making request: getaddrinfo ENOTFOUND metadata. Error code: ENOTFOUND"}}
[info] >      at handleCryptoSignerError (/Users/Dan/Code/flowhackathons2/FlowHackathonS2/functions/node_modules/firebase-admin/lib/auth/token-generator.js:186:12) {"user":"    at handleCryptoSignerError (/Users/Dan/Code/flowhackathons2/FlowHackathonS2/functions/node_modules/firebase-admin/lib/auth/token-generator.js:186:12)","metadata":{"emulator":{"name":"functions"},"function":{"name":"us-central1-getJWTToken"},"extension":{},"message":"\u001b[90m> \u001b[39m     at handleCryptoSignerError (/Users/Dan/Code/flowhackathons2/FlowHackathonS2/functions/node_modules/firebase-admin/lib/auth/token-generator.js:186:12)"}}
[info] >      at /Users/Dan/Code/flowhackathons2/FlowHackathonS2/functions/node_modules/firebase-admin/lib/auth/token-generator.js:139:19 {"user":"    at /Users/Dan/Code/flowhackathons2/FlowHackathonS2/functions/node_modules/firebase-admin/lib/auth/token-generator.js:139:19","metadata":{"emulator":{"name":"functions"},"function":{"name":"us-central1-getJWTToken"},"extension":{},"message":"\u001b[90m> \u001b[39m     at /Users/Dan/Code/flowhackathons2/FlowHackathonS2/functions/node_modules/firebase-admin/lib/auth/token-generator.js:139:19"}}
[info] >      at processTicksAndRejections (node:internal/process/task_queues:96:5) {"user":"    at processTicksAndRejections (node:internal/process/task_queues:96:5)","metadata":{"emulator":{"name":"functions"},"function":{"name":"us-central1-getJWTToken"},"extension":{},"message":"\u001b[90m> \u001b[39m     at processTicksAndRejections (node:internal/process/task_queues:96:5)"}}
[info] >      at async /Users/Dan/Code/flowhackathons2/FlowHackathonS2/functions/index.js:77:7 { {"user":"    at async /Users/Dan/Code/flowhackathons2/FlowHackathonS2/functions/index.js:77:7 {","metadata":{"emulator":{"name":"functions"},"function":{"name":"us-central1-getJWTToken"},"extension":{},"message":"\u001b[90m> \u001b[39m     at async /Users/Dan/Code/flowhackathons2/FlowHackathonS2/functions/index.js:77:7 {"}}
[info] >    errorInfo: { {"user":"  errorInfo: {","metadata":{"emulator":{"name":"functions"},"function":{"name":"us-central1-getJWTToken"},"extension":{},"message":"\u001b[90m> \u001b[39m   errorInfo: {"}}
[info] >      code: 'auth/invalid-credential', {"user":"    code: 'auth/invalid-credential',","metadata":{"emulator":{"name":"functions"},"function":{"name":"us-central1-getJWTToken"},"extension":{},"message":"\u001b[90m> \u001b[39m     code: 'auth/invalid-credential',"}}
[info] >      message: 'Failed to determine service account. Make sure to initialize the SDK with a service account credential. Alternatively specify a service account with iam.serviceAccounts.signBlob permission. Original error: Error: Error while making request: getaddrinfo ENOTFOUND metadata. Error code: ENOTFOUND' {"user":"    message: 'Failed to determine service account. Make sure to initialize the SDK with a service account credential. Alternatively specify a service account with iam.serviceAccounts.signBlob permission. Original error: Error: Error while making request: getaddrinfo ENOTFOUND metadata. Error code: ENOTFOUND'","metadata":{"emulator":{"name":"functions"},"function":{"name":"us-central1-getJWTToken"},"extension":{},"message":"\u001b[90m> \u001b[39m     message: 'Failed to determine service account. Make sure to initialize the SDK with a service account credential. Alternatively specify a service account with iam.serviceAccounts.signBlob permission. Original error: Error: Error while making request: getaddrinfo ENOTFOUND metadata. Error code: ENOTFOUND'"}}
[info] >    }, {"user":"  },","metadata":{"emulator":{"name":"functions"},"function":{"name":"us-central1-getJWTToken"},"extension":{},"message":"\u001b[90m> \u001b[39m   },"}}
[info] >    codePrefix: 'auth' {"user":"  codePrefix: 'auth'","metadata":{"emulator":{"name":"functions"},"function":{"name":"us-central1-getJWTToken"},"extension":{},"message":"\u001b[90m> \u001b[39m   codePrefix: 'auth'"}}
[info] >  } {"user":"}","metadata":{"emulator":{"name":"functions"},"function":{"name":"us-central1-getJWTToken"},"extension":{},"message":"\u001b[90m> \u001b[39m }"}}
[debug] [2023-07-10T18:56:22.501Z] Finishing up request with event=pause {"metadata":{"emulator":{"name":"functions"},"function":{"name":"us-central1-getJWTToken"},"extension":{},"message":"Finishing up request with event=pause"}}
[info] i  functions: Finished "us-central1-getJWTToken" in 21.306875ms {"metadata":{"emulator":{"name":"functions"},"function":{"name":"us-central1-getJWTToken"},"extension":{},"message":"Finished \"us-central1-getJWTToken\" in 21.306875ms"}}
[debug] [2023-07-10T18:56:22.501Z] [worker-us-central1-getJWTToken-b4028991-4d56-4440-84c0-d36f596b04b9]: IDLE {"metadata":{"emulator":{"name":"functions"},"function":{"name":"us-central1-getJWTToken"},"extension":{},"message":"[worker-us-central1-getJWTToken-b4028991-4d56-4440-84c0-d36f596b04b9]: IDLE"}}
[debug] [2023-07-10T18:56:22.501Z] Finishing up request with event=finish {"metadata":{"emulator":{"name":"functions"},"function":{"name":"us-central1-getJWTToken"},"extension":{},"message":"Finishing up request with event=finish"}}
[debug] [2023-07-10T18:56:22.501Z] Finishing up request with event=close {"metadata":{"emulator":{"name":"functions"},"function":{"name":"us-central1-getJWTToken"},"extension":{},"message":"Finishing up request with event=close"}}
[debug] [2023-07-10T18:56:22.501Z] [work-queue] {"queuedWork":[],"queueLength":0,"runningWork":[],"workRunningCount":0}
[debug] [2023-07-10T19:02:12.581Z] File /Users/Dan/Code/flowhackathons2/FlowHackathonS2/functions/index.js changed, reloading triggers {"metadata":{"emulator":{"name":"functions"},"message":"File /Users/Dan/Code/flowhackathons2/FlowHackathonS2/functions/index.js changed, reloading triggers"}}
[debug] [2023-07-10T19:02:13.608Z] Validating nodejs source
[debug] [2023-07-10T19:02:14.851Z] > [functions] package.json contents: {
  "name": "functions",
  "description": "Cloud Functions for Firebase",
  "scripts": {
    "lint": "eslint .",
    "serve": "firebase emulators:start --only functions",
    "shell": "firebase functions:shell",
    "start": "npm run shell",
    "deploy": "firebase deploy --only functions",
    "logs": "firebase functions:log"
  },
  "engines": {
    "node": "18"
  },
  "main": "index.js",
  "dependencies": {
    "axios": "^1.4.0",
    "cors": "^2.8.5",
    "firebase-admin": "^11.8.0",
    "firebase-functions": "^4.3.1",
    "request": "^2.88.2"
  },
  "devDependencies": {
    "eslint": "^8.15.0",
    "eslint-config-google": "^0.14.0",
    "firebase-functions-test": "^3.1.0"
  },
  "private": true
}
[debug] [2023-07-10T19:02:14.852Z] Building nodejs source
[debug] [2023-07-10T19:02:14.852Z] Failed to find version of module node: reached end of search path /Users/Dan/Code/flowhackathons2/FlowHackathonS2/functions/node_modules
[warn] ⚠  functions: Your requested "node" version "18" doesn't match your global version "17". Using node@17 from host. 
[debug] [2023-07-10T19:02:14.858Z] Could not find functions.yaml. Must use http discovery
[debug] [2023-07-10T19:02:14.862Z] Found firebase-functions binary at '/Users/Dan/Code/flowhackathons2/FlowHackathonS2/functions/node_modules/.bin/firebase-functions'
[info] Serving at port 9000

[debug] [2023-07-10T19:02:15.098Z] Got response from /__/functions.yaml {"endpoints":{"getLaLigaFixtures":{"availableMemoryMb":null,"timeoutSeconds":null,"minInstances":null,"maxInstances":null,"ingressSettings":null,"concurrency":null,"serviceAccountEmail":null,"vpc":null,"platform":"gcfv2","labels":{},"httpsTrigger":{},"entryPoint":"getLaLigaFixtures"},"getJWTToken":{"availableMemoryMb":null,"timeoutSeconds":null,"minInstances":null,"maxInstances":null,"ingressSettings":null,"concurrency":null,"serviceAccountEmail":null,"vpc":null,"platform":"gcfv2","labels":{},"httpsTrigger":{},"entryPoint":"getJWTToken"}},"specVersion":"v1alpha1","requiredAPIs":[]}
[info] shutdown requested via /__/quitquitquit

[info] ✔  functions: Loaded functions definitions from source: getLaLigaFixtures, getJWTToken. {"metadata":{"emulator":{"name":"functions"},"message":"Loaded functions definitions from source: getLaLigaFixtures, getJWTToken."}}
[debug] [2023-07-10T19:02:15.118Z] [worker-pool] Shutting down IDLE worker (us-central1-getJWTToken) {"metadata":{"emulator":{"name":"functions"},"message":"[worker-pool] Shutting down IDLE worker (us-central1-getJWTToken)"}}
[debug] [2023-07-10T19:02:15.118Z] [worker-us-central1-getJWTToken-b4028991-4d56-4440-84c0-d36f596b04b9]: FINISHING {"metadata":{"emulator":{"name":"functions"},"function":{"name":"us-central1-getJWTToken"},"extension":{},"message":"[worker-us-central1-getJWTToken-b4028991-4d56-4440-84c0-d36f596b04b9]: FINISHING"}}
[debug] [2023-07-10T19:02:15.122Z] [worker-us-central1-getJWTToken-b4028991-4d56-4440-84c0-d36f596b04b9]: exited {"metadata":{"emulator":{"name":"functions"},"function":{"name":"us-central1-getJWTToken"},"extension":{},"message":"[worker-us-central1-getJWTToken-b4028991-4d56-4440-84c0-d36f596b04b9]: exited"}}
[debug] [2023-07-10T19:02:15.122Z] [worker-us-central1-getJWTToken-b4028991-4d56-4440-84c0-d36f596b04b9]: FINISHED {"metadata":{"emulator":{"name":"functions"},"function":{"name":"us-central1-getJWTToken"},"extension":{},"message":"[worker-us-central1-getJWTToken-b4028991-4d56-4440-84c0-d36f596b04b9]: FINISHED"}}
[debug] [2023-07-10T19:02:24.190Z] File /Users/Dan/Code/flowhackathons2/FlowHackathonS2/functions/index.js changed, reloading triggers {"metadata":{"emulator":{"name":"functions"},"message":"File /Users/Dan/Code/flowhackathons2/FlowHackathonS2/functions/index.js changed, reloading triggers"}}
[debug] [2023-07-10T19:02:25.193Z] Validating nodejs source
[debug] [2023-07-10T19:02:25.702Z] > [functions] package.json contents: {
  "name": "functions",
  "description": "Cloud Functions for Firebase",
  "scripts": {
    "lint": "eslint .",
    "serve": "firebase emulators:start --only functions",
    "shell": "firebase functions:shell",
    "start": "npm run shell",
    "deploy": "firebase deploy --only functions",
    "logs": "firebase functions:log"
  },
  "engines": {
    "node": "18"
  },
  "main": "index.js",
  "dependencies": {
    "axios": "^1.4.0",
    "cors": "^2.8.5",
    "firebase-admin": "^11.8.0",
    "firebase-functions": "^4.3.1",
    "request": "^2.88.2"
  },
  "devDependencies": {
    "eslint": "^8.15.0",
    "eslint-config-google": "^0.14.0",
    "firebase-functions-test": "^3.1.0"
  },
  "private": true
}
[debug] [2023-07-10T19:02:25.702Z] Building nodejs source
[debug] [2023-07-10T19:02:25.702Z] Failed to find version of module node: reached end of search path /Users/Dan/Code/flowhackathons2/FlowHackathonS2/functions/node_modules
[warn] ⚠  functions: Your requested "node" version "18" doesn't match your global version "17". Using node@17 from host. 
[debug] [2023-07-10T19:02:25.704Z] Could not find functions.yaml. Must use http discovery
[debug] [2023-07-10T19:02:25.705Z] Found firebase-functions binary at '/Users/Dan/Code/flowhackathons2/FlowHackathonS2/functions/node_modules/.bin/firebase-functions'
[info] Serving at port 8611

[debug] [2023-07-10T19:02:26.016Z] Got response from /__/functions.yaml {"endpoints":{"getLaLigaFixtures":{"availableMemoryMb":null,"timeoutSeconds":null,"minInstances":null,"maxInstances":null,"ingressSettings":null,"concurrency":null,"serviceAccountEmail":null,"vpc":null,"platform":"gcfv2","labels":{},"httpsTrigger":{},"entryPoint":"getLaLigaFixtures"},"getJWTToken":{"availableMemoryMb":null,"timeoutSeconds":null,"minInstances":null,"maxInstances":null,"ingressSettings":null,"concurrency":null,"serviceAccountEmail":null,"vpc":null,"platform":"gcfv2","labels":{},"httpsTrigger":{},"entryPoint":"getJWTToken"}},"specVersion":"v1alpha1","requiredAPIs":[]}
[info] shutdown requested via /__/quitquitquit

[info] ✔  functions: Loaded functions definitions from source: getLaLigaFixtures, getJWTToken. {"metadata":{"emulator":{"name":"functions"},"message":"Loaded functions definitions from source: getLaLigaFixtures, getJWTToken."}}
